<?xml version="1.0" encoding="UTF-8"?>
<!-- Generated by org.testng.reporters.JUnitXMLReporter -->
<testsuite hostname="inbl01lap04326" ignored="0" name="Command line test" tests="10" failures="10" timestamp="2021-08-12T16:46:39 IST" time="88.802" errors="0">
  <testcase name="getDataFromExcel" time="0.016" classname="com.af.tests.SauceTest">
    <failure type="java.lang.NullPointerException">
      <![CDATA[java.lang.NullPointerException
at com.af.reports.ExtentLogger.info(ExtentLogger.java:23)
at com.af.tests.SauceTest.getDataFromExcel(SauceTest.java:111)
at java.util.ArrayList.forEach(ArrayList.java:1259)
... Removed 37 stack frames]]>
    </failure>
  </testcase> <!-- getDataFromExcel -->
  <testcase name="loginLogoutSaucePortal" time="0.001" classname="com.af.tests.SauceTest">
    <failure type="java.lang.NullPointerException">
      <![CDATA[java.lang.NullPointerException
at com.af.reports.ExtentLogger.info(ExtentLogger.java:23)
at com.af.tests.SauceTest.loginLogoutSaucePortal(SauceTest.java:20)
at java.util.ArrayList.forEach(ArrayList.java:1259)
... Removed 37 stack frames]]>
    </failure>
  </testcase> <!-- loginLogoutSaucePortal -->
  <testcase name="loginLogoutSaucePortal1" time="0.001" classname="com.af.tests.SauceTest">
    <failure type="java.lang.NullPointerException">
      <![CDATA[java.lang.NullPointerException
at com.af.reports.ExtentLogger.info(ExtentLogger.java:23)
at com.af.tests.SauceTest.loginLogoutSaucePortal1(SauceTest.java:30)
at java.util.ArrayList.forEach(ArrayList.java:1259)
... Removed 37 stack frames]]>
    </failure>
  </testcase> <!-- loginLogoutSaucePortal1 -->
  <testcase name="loginLogoutSaucePortal2" time="0.001" classname="com.af.tests.SauceTest">
    <failure type="java.lang.NullPointerException">
      <![CDATA[java.lang.NullPointerException
at com.af.reports.ExtentLogger.info(ExtentLogger.java:23)
at com.af.tests.SauceTest.loginLogoutSaucePortal2(SauceTest.java:40)
at java.util.ArrayList.forEach(ArrayList.java:1259)
... Removed 37 stack frames]]>
    </failure>
  </testcase> <!-- loginLogoutSaucePortal2 -->
  <testcase name="loginLogoutSaucePortal3" time="0.0" classname="com.af.tests.SauceTest">
    <failure type="java.lang.NullPointerException">
      <![CDATA[java.lang.NullPointerException
at com.af.reports.ExtentLogger.info(ExtentLogger.java:23)
at com.af.tests.SauceTest.loginLogoutSaucePortal3(SauceTest.java:50)
at java.util.ArrayList.forEach(ArrayList.java:1259)
... Removed 37 stack frames]]>
    </failure>
  </testcase> <!-- loginLogoutSaucePortal3 -->
  <testcase name="loginLogoutSaucePortal4" time="0.001" classname="com.af.tests.SauceTest">
    <failure type="java.lang.NullPointerException">
      <![CDATA[java.lang.NullPointerException
at com.af.reports.ExtentLogger.info(ExtentLogger.java:23)
at com.af.tests.SauceTest.loginLogoutSaucePortal4(SauceTest.java:60)
at java.util.ArrayList.forEach(ArrayList.java:1259)
... Removed 37 stack frames]]>
    </failure>
  </testcase> <!-- loginLogoutSaucePortal4 -->
  <testcase name="loginLogoutSaucePortal5" time="0.001" classname="com.af.tests.SauceTest">
    <failure type="java.lang.NullPointerException">
      <![CDATA[java.lang.NullPointerException
at com.af.reports.ExtentLogger.info(ExtentLogger.java:23)
at com.af.tests.SauceTest.loginLogoutSaucePortal5(SauceTest.java:70)
at java.util.ArrayList.forEach(ArrayList.java:1259)
... Removed 37 stack frames]]>
    </failure>
  </testcase> <!-- loginLogoutSaucePortal5 -->
  <testcase name="loginLogoutSaucePortal6" time="0.001" classname="com.af.tests.SauceTest">
    <failure type="java.lang.NullPointerException">
      <![CDATA[java.lang.NullPointerException
at com.af.reports.ExtentLogger.info(ExtentLogger.java:23)
at com.af.tests.SauceTest.loginLogoutSaucePortal6(SauceTest.java:80)
at java.util.ArrayList.forEach(ArrayList.java:1259)
... Removed 37 stack frames]]>
    </failure>
  </testcase> <!-- loginLogoutSaucePortal6 -->
  <testcase name="loginLogoutSaucePortal7" time="0.0" classname="com.af.tests.SauceTest">
    <failure type="java.lang.NullPointerException">
      <![CDATA[java.lang.NullPointerException
at com.af.reports.ExtentLogger.info(ExtentLogger.java:23)
at com.af.tests.SauceTest.loginLogoutSaucePortal7(SauceTest.java:90)
at java.util.ArrayList.forEach(ArrayList.java:1259)
... Removed 37 stack frames]]>
    </failure>
  </testcase> <!-- loginLogoutSaucePortal7 -->
  <testcase name="loginLogoutSaucePortal8" time="0.001" classname="com.af.tests.SauceTest">
    <failure type="java.lang.NullPointerException">
      <![CDATA[java.lang.NullPointerException
at com.af.reports.ExtentLogger.info(ExtentLogger.java:23)
at com.af.tests.SauceTest.loginLogoutSaucePortal8(SauceTest.java:100)
at java.util.ArrayList.forEach(ArrayList.java:1259)
... Removed 37 stack frames]]>
    </failure>
  </testcase> <!-- loginLogoutSaucePortal8 -->
</testsuite> <!-- Command line test -->
