<?xml version="1.0" encoding="UTF-8"?>
<!-- Generated by org.testng.reporters.JUnitXMLReporter -->
<testsuite hostname="inbl01lap04326" ignored="9" name="Test" tests="1" failures="0" timestamp="2021-08-12T17:27:42 IST" time="10.448" errors="0">
  <testcase name="loginLogoutSaucePortal3" time="0.644" classname="com.af.tests.SauceTest"/>
  <testcase name="loginLogoutSaucePortal6" time="0.0" classname="com.af.tests.SauceTest">
    <ignored/>
  </testcase> <!-- loginLogoutSaucePortal6 -->
  <testcase name="loginLogoutSaucePortal7" time="0.0" classname="com.af.tests.SauceTest">
    <ignored/>
  </testcase> <!-- loginLogoutSaucePortal7 -->
  <testcase name="loginLogoutSaucePortal2" time="0.0" classname="com.af.tests.SauceTest">
    <ignored/>
  </testcase> <!-- loginLogoutSaucePortal2 -->
  <testcase name="loginLogoutSaucePortal5" time="0.0" classname="com.af.tests.SauceTest">
    <ignored/>
  </testcase> <!-- loginLogoutSaucePortal5 -->
  <testcase name="loginLogoutSaucePortal8" time="0.0" classname="com.af.tests.SauceTest">
    <ignored/>
  </testcase> <!-- loginLogoutSaucePortal8 -->
  <testcase name="loginLogoutSaucePortal" time="0.0" classname="com.af.tests.SauceTest">
    <ignored/>
  </testcase> <!-- loginLogoutSaucePortal -->
  <testcase name="loginLogoutSaucePortal1" time="0.0" classname="com.af.tests.SauceTest">
    <ignored/>
  </testcase> <!-- loginLogoutSaucePortal1 -->
  <testcase name="loginLogoutSaucePortal4" time="0.0" classname="com.af.tests.SauceTest">
    <ignored/>
  </testcase> <!-- loginLogoutSaucePortal4 -->
  <testcase name="getDataFromExcel" time="0.0" classname="com.af.tests.SauceTest">
    <ignored/>
  </testcase> <!-- getDataFromExcel -->
</testsuite> <!-- Test -->
