<?xml version="1.0" encoding="UTF-8"?>
<testng-results skipped="0" failed="0" ignored="9" total="10" passed="1">
  <reporter-output>
  </reporter-output>
  <suite name="Suite" duration-ms="10448" started-at="2021-08-12T17:27:32 IST" finished-at="2021-08-12T17:27:42 IST">
    <groups>
      <group name="def">
        <method signature="SauceTest.loginLogoutSaucePortal3()[pri:0, instance:com.af.tests.SauceTest@32709393]" name="loginLogoutSaucePortal3" class="com.af.tests.SauceTest"/>
      </group> <!-- def -->
    </groups>
    <test name="Test" duration-ms="10448" started-at="2021-08-12T17:27:32 IST" finished-at="2021-08-12T17:27:42 IST">
      <class name="com.af.tests.SauceTest">
        <test-method status="PASS" signature="setUp()[pri:0, instance:com.af.tests.SauceTest@32709393]" name="setUp" is-config="true" duration-ms="8419" started-at="2021-08-12T17:27:32 IST" finished-at="2021-08-12T17:27:40 IST">
          <reporter-output>
          </reporter-output>
        </test-method> <!-- setUp -->
        <test-method status="PASS" signature="loginLogoutSaucePortal3()[pri:0, instance:com.af.tests.SauceTest@32709393]" name="loginLogoutSaucePortal3" duration-ms="644" started-at="2021-08-12T17:27:40 IST" finished-at="2021-08-12T17:27:41 IST">
          <reporter-output>
          </reporter-output>
        </test-method> <!-- loginLogoutSaucePortal3 -->
        <test-method status="PASS" signature="tearDown()[pri:0, instance:com.af.tests.SauceTest@32709393]" name="tearDown" is-config="true" duration-ms="1344" started-at="2021-08-12T17:27:41 IST" finished-at="2021-08-12T17:27:42 IST">
          <reporter-output>
          </reporter-output>
        </test-method> <!-- tearDown -->
      </class> <!-- com.af.tests.SauceTest -->
    </test> <!-- Test -->
  </suite> <!-- Suite -->
</testng-results>
